29-Oct-20 15:45:40:DEBUG:STREAM b'IHDR' 16 13
29-Oct-20 15:45:40:DEBUG:STREAM b'sRGB' 41 1
29-Oct-20 15:45:40:DEBUG:STREAM b'gAMA' 54 4
29-Oct-20 15:45:40:DEBUG:STREAM b'pHYs' 70 9
29-Oct-20 15:45:40:DEBUG:STREAM b'IDAT' 91 283
29-Oct-20 15:47:42:DEBUG:STREAM b'IHDR' 16 13
29-Oct-20 15:47:42:DEBUG:STREAM b'sRGB' 41 1
29-Oct-20 15:47:42:DEBUG:STREAM b'gAMA' 54 4
29-Oct-20 15:47:42:DEBUG:STREAM b'pHYs' 70 9
29-Oct-20 15:47:42:DEBUG:STREAM b'IDAT' 91 283
29-Oct-20 15:49:05:DEBUG:STREAM b'IHDR' 16 13
29-Oct-20 15:49:05:DEBUG:STREAM b'sRGB' 41 1
29-Oct-20 15:49:05:DEBUG:STREAM b'gAMA' 54 4
29-Oct-20 15:49:05:DEBUG:STREAM b'pHYs' 70 9
29-Oct-20 15:49:05:DEBUG:STREAM b'IDAT' 91 283
29-Oct-20 15:50:10:DEBUG:STREAM b'IHDR' 16 13
29-Oct-20 15:50:10:DEBUG:STREAM b'sRGB' 41 1
29-Oct-20 15:50:10:DEBUG:STREAM b'gAMA' 54 4
29-Oct-20 15:50:10:DEBUG:STREAM b'pHYs' 70 9
29-Oct-20 15:50:10:DEBUG:STREAM b'IDAT' 91 283
29-Oct-20 15:53:41:DEBUG:STREAM b'IHDR' 16 13
29-Oct-20 15:53:41:DEBUG:STREAM b'sRGB' 41 1
29-Oct-20 15:53:41:DEBUG:STREAM b'gAMA' 54 4
29-Oct-20 15:53:41:DEBUG:STREAM b'pHYs' 70 9
29-Oct-20 15:53:41:DEBUG:STREAM b'IDAT' 91 283
10-Dec-20 15:37:16:DEBUG:Starting new HTTPS connection (1): secure.agco-ats.com:443
10-Dec-20 15:37:17:DEBUG:https://secure.agco-ats.com:443 "POST /api/v2/Authentication HTTP/1.1" 200 317
10-Dec-20 15:41:47:DEBUG:Starting new HTTPS connection (1): secure.agco-ats.com:443
10-Dec-20 15:41:47:DEBUG:https://secure.agco-ats.com:443 "POST /api/v2/Authentication HTTP/1.1" 200 317
11-Dec-20 15:23:36:DEBUG:Starting new HTTPS connection (1): secure.agco-ats.com:443
11-Dec-20 15:23:36:DEBUG:https://secure.agco-ats.com:443 "POST /api/v2/Authentication HTTP/1.1" 200 317
11-Dec-20 15:23:42:INFO:Attempting to get license id using the voucher code
11-Dec-20 15:23:42:DEBUG:Starting new HTTPS connection (1): secure.agco-ats.com:443
11-Dec-20 15:23:45:DEBUG:https://secure.agco-ats.com:443 "GET /api/v2/Licenses?VoucherCode=NP3870M3C06C66848MNA&Status=Active HTTP/1.1" 200 627
11-Dec-20 15:25:03:DEBUG:Starting new HTTPS connection (1): secure.agco-ats.com:443
11-Dec-20 15:25:03:DEBUG:https://secure.agco-ats.com:443 "POST /api/v2/Authentication HTTP/1.1" 200 317
11-Dec-20 15:25:06:INFO:Attempting to get license id using the voucher code
11-Dec-20 15:25:06:DEBUG:Starting new HTTPS connection (1): secure.agco-ats.com:443
11-Dec-20 15:25:06:DEBUG:https://secure.agco-ats.com:443 "GET /api/v2/Licenses?VoucherCode=NP3870M3C06C66848MNA&Status=Active HTTP/1.1" 200 627
11-Dec-20 15:31:26:DEBUG:Starting new HTTPS connection (1): secure.agco-ats.com:443
11-Dec-20 15:31:26:DEBUG:https://secure.agco-ats.com:443 "POST /api/v2/Authentication HTTP/1.1" 200 317
11-Dec-20 15:31:29:INFO:Attempting to get license id using the voucher code
11-Dec-20 15:31:29:DEBUG:Starting new HTTPS connection (1): secure.agco-ats.com:443
11-Dec-20 15:31:29:DEBUG:https://secure.agco-ats.com:443 "GET /api/v2/Licenses?VoucherCode=NP3870M3C06C66848MNA&Status=Active HTTP/1.1" 200 627
11-Dec-20 15:32:21:DEBUG:Starting new HTTPS connection (1): secure.agco-ats.com:443
11-Dec-20 15:32:21:DEBUG:https://secure.agco-ats.com:443 "POST /api/v2/Authentication HTTP/1.1" 200 317
11-Dec-20 15:32:24:INFO:Attempting to get license id using the voucher code
11-Dec-20 15:32:24:DEBUG:Starting new HTTPS connection (1): secure.agco-ats.com:443
11-Dec-20 15:32:24:DEBUG:https://secure.agco-ats.com:443 "GET /api/v2/Licenses?VoucherCode=NP3870M3C06C66848MNA&Status=Active HTTP/1.1" 200 627
11-Dec-20 15:58:53:DEBUG:Starting new HTTPS connection (1): secure.agco-ats.com:443
11-Dec-20 15:58:54:DEBUG:https://secure.agco-ats.com:443 "POST /api/v2/Authentication HTTP/1.1" 200 317
11-Dec-20 15:59:01:INFO:Attempting to add AuthCode to License for Dev environment
11-Dec-20 15:59:05:INFO:Attempting to get license id using the voucher code
11-Dec-20 15:59:05:DEBUG:Starting new HTTPS connection (1): secure.agco-ats.com:443
11-Dec-20 15:59:05:DEBUG:https://secure.agco-ats.com:443 "GET /api/v2/Licenses?VoucherCode=NP3870M3C06C66848MNA&Status=Active HTTP/1.1" 200 627
11-Dec-20 15:59:11:DEBUG:Starting new HTTPS connection (1): secure.agco-ats.com:443
11-Dec-20 15:59:11:DEBUG:https://secure.agco-ats.com:443 "POST /api/v2/AuthorizationCodes HTTP/1.1" 401 259
11-Dec-20 16:06:28:DEBUG:Starting new HTTPS connection (1): secure.agco-ats.com:443
11-Dec-20 16:06:29:DEBUG:https://secure.agco-ats.com:443 "POST /api/v2/Authentication HTTP/1.1" 200 317
11-Dec-20 16:06:37:INFO:Attempting to add AuthCode to License for Dev environment
11-Dec-20 16:06:43:INFO:Attempting to get license id using the voucher code
11-Dec-20 16:06:43:DEBUG:Starting new HTTPS connection (1): secure.agco-ats.com:443
11-Dec-20 16:06:43:DEBUG:https://secure.agco-ats.com:443 "GET /api/v2/Licenses?VoucherCode=NP3870M3C06C66848MNA&Status=Active HTTP/1.1" 200 627
11-Dec-20 16:07:00:DEBUG:Starting new HTTPS connection (1): secure.agco-ats.com:443
11-Dec-20 16:07:00:DEBUG:https://secure.agco-ats.com:443 "POST /api/v2/AuthorizationCodes HTTP/1.1" 400 2518
11-Dec-20 16:08:31:DEBUG:Starting new HTTPS connection (1): secure.agco-ats.com:443
11-Dec-20 16:08:32:DEBUG:https://secure.agco-ats.com:443 "POST /api/v2/Authentication HTTP/1.1" 200 317
11-Dec-20 16:08:37:INFO:Attempting to get license id using the voucher code
11-Dec-20 16:08:37:DEBUG:Starting new HTTPS connection (1): secure.agco-ats.com:443
11-Dec-20 16:08:37:DEBUG:https://secure.agco-ats.com:443 "GET /api/v2/Licenses?VoucherCode=NP3870M3C06C66848MNA&Status=Active HTTP/1.1" 200 627
11-Dec-20 16:08:41:INFO:Attempting to add AuthCode to License for Dev environment
11-Dec-20 16:09:30:DEBUG:Starting new HTTPS connection (1): secure.agco-ats.com:443
11-Dec-20 16:09:31:DEBUG:https://secure.agco-ats.com:443 "POST /api/v2/AuthorizationCodes HTTP/1.1" 400 2518
11-Dec-20 16:17:46:DEBUG:Starting new HTTPS connection (1): secure.agco-ats.com:443
11-Dec-20 16:17:46:DEBUG:https://secure.agco-ats.com:443 "POST /api/v2/Authentication HTTP/1.1" 200 317
11-Dec-20 16:18:05:INFO:Attempting to get license id using the voucher code
11-Dec-20 16:18:05:DEBUG:Starting new HTTPS connection (1): secure.agco-ats.com:443
11-Dec-20 16:18:05:DEBUG:https://secure.agco-ats.com:443 "GET /api/v2/Licenses?VoucherCode=NP3870M3C06C66848MNA&Status=Active HTTP/1.1" 200 627
11-Dec-20 16:18:06:INFO:Attempting to add AuthCode to License for Dev environment
11-Dec-20 16:18:41:DEBUG:Starting new HTTPS connection (1): secure.agco-ats.com:443
11-Dec-20 16:18:42:DEBUG:https://secure.agco-ats.com:443 "POST /api/v2/AuthorizationCodes HTTP/1.1" 400 2518
11-Dec-20 16:39:18:DEBUG:Starting new HTTPS connection (1): secure.agco-ats.com:443
11-Dec-20 16:39:18:DEBUG:https://secure.agco-ats.com:443 "POST /api/v2/Authentication HTTP/1.1" 200 317
11-Dec-20 16:39:24:INFO:Attempting to get license id using the voucher code
11-Dec-20 16:39:25:DEBUG:Starting new HTTPS connection (1): secure.agco-ats.com:443
11-Dec-20 16:39:26:DEBUG:https://secure.agco-ats.com:443 "GET /api/v2/Licenses?VoucherCode=NP3870M3C06C66848MNA&Status=Active HTTP/1.1" 200 627
11-Dec-20 16:39:26:INFO:Attempting to add AuthCode to License for Dev environment
11-Dec-20 16:39:26:DEBUG:Starting new HTTPS connection (1): secure.agco-ats.com:443
11-Dec-20 16:39:27:DEBUG:https://secure.agco-ats.com:443 "POST /api/v2/AuthorizationCodes HTTP/1.1" 400 2518
11-Dec-20 16:40:07:DEBUG:Starting new HTTPS connection (1): secure.agco-ats.com:443
11-Dec-20 16:40:07:DEBUG:https://secure.agco-ats.com:443 "POST /api/v2/Authentication HTTP/1.1" 200 317
11-Dec-20 16:40:14:INFO:Attempting to get license id using the voucher code
11-Dec-20 16:40:14:DEBUG:Starting new HTTPS connection (1): secure.agco-ats.com:443
11-Dec-20 16:40:15:DEBUG:https://secure.agco-ats.com:443 "GET /api/v2/Licenses?VoucherCode=NP3870M3C06C66848MNA&Status=Active HTTP/1.1" 200 627
11-Dec-20 16:40:16:INFO:Attempting to add AuthCode to License for Dev environment
11-Dec-20 16:41:35:DEBUG:Starting new HTTPS connection (1): secure.agco-ats.com:443
11-Dec-20 16:41:35:DEBUG:https://secure.agco-ats.com:443 "POST /api/v2/AuthorizationCodes HTTP/1.1" 400 2518
11-Dec-20 16:42:08:INFO:Attempting to apply Trusted Publish certificates
11-Dec-20 16:42:08:ERROR:Site-packages were not found for this Python version
14-Dec-20 13:10:15:DEBUG:Starting new HTTPS connection (1): secure.agco-ats.com:443
14-Dec-20 13:10:16:DEBUG:https://secure.agco-ats.com:443 "POST /api/v2/Authentication HTTP/1.1" 200 317
14-Dec-20 13:10:58:INFO:Attempting to get license id using the voucher code
14-Dec-20 13:10:58:DEBUG:Starting new HTTPS connection (1): secure.agco-ats.com:443
14-Dec-20 13:10:58:DEBUG:https://secure.agco-ats.com:443 "GET /api/v2/Licenses?VoucherCode=NP3870M3C06C66848MNA&Status=Active HTTP/1.1" 200 627
14-Dec-20 13:11:20:INFO:Attempting to add AuthCode to License for Dev environment
14-Dec-20 13:11:27:DEBUG:Starting new HTTPS connection (1): secure.agco-ats.com:443
14-Dec-20 13:11:27:DEBUG:https://secure.agco-ats.com:443 "POST /api/v2/AuthorizationCodes HTTP/1.1" 400 2518
14-Dec-20 13:16:31:DEBUG:Starting new HTTPS connection (1): secure.agco-ats.com:443
14-Dec-20 13:16:31:DEBUG:https://secure.agco-ats.com:443 "POST /api/v2/Authentication HTTP/1.1" 200 317
14-Dec-20 13:16:36:INFO:Attempting to get license id using the voucher code
14-Dec-20 13:16:36:DEBUG:Starting new HTTPS connection (1): secure.agco-ats.com:443
14-Dec-20 13:16:36:DEBUG:https://secure.agco-ats.com:443 "GET /api/v2/Licenses?VoucherCode=NP3870M3C06C66848MNA&Status=Active HTTP/1.1" 200 627
14-Dec-20 13:16:37:INFO:Attempting to add AuthCode to License for Dev environment
14-Dec-20 13:16:40:DEBUG:Starting new HTTPS connection (1): secure.agco-ats.com:443
14-Dec-20 13:16:40:DEBUG:https://secure.agco-ats.com:443 "POST /api/v2/AuthorizationCodes HTTP/1.1" 200 125
