29-Oct-20 15:45:40:DEBUG:STREAM b'IHDR' 16 13
29-Oct-20 15:45:40:DEBUG:STREAM b'sRGB' 41 1
29-Oct-20 15:45:40:DEBUG:STREAM b'gAMA' 54 4
29-Oct-20 15:45:40:DEBUG:STREAM b'pHYs' 70 9
29-Oct-20 15:45:40:DEBUG:STREAM b'IDAT' 91 283
29-Oct-20 15:47:42:DEBUG:STREAM b'IHDR' 16 13
29-Oct-20 15:47:42:DEBUG:STREAM b'sRGB' 41 1
29-Oct-20 15:47:42:DEBUG:STREAM b'gAMA' 54 4
29-Oct-20 15:47:42:DEBUG:STREAM b'pHYs' 70 9
29-Oct-20 15:47:42:DEBUG:STREAM b'IDAT' 91 283
29-Oct-20 15:49:05:DEBUG:STREAM b'IHDR' 16 13
29-Oct-20 15:49:05:DEBUG:STREAM b'sRGB' 41 1
29-Oct-20 15:49:05:DEBUG:STREAM b'gAMA' 54 4
29-Oct-20 15:49:05:DEBUG:STREAM b'pHYs' 70 9
29-Oct-20 15:49:05:DEBUG:STREAM b'IDAT' 91 283
29-Oct-20 15:50:10:DEBUG:STREAM b'IHDR' 16 13
29-Oct-20 15:50:10:DEBUG:STREAM b'sRGB' 41 1
29-Oct-20 15:50:10:DEBUG:STREAM b'gAMA' 54 4
29-Oct-20 15:50:10:DEBUG:STREAM b'pHYs' 70 9
29-Oct-20 15:50:10:DEBUG:STREAM b'IDAT' 91 283
29-Oct-20 15:53:41:DEBUG:STREAM b'IHDR' 16 13
29-Oct-20 15:53:41:DEBUG:STREAM b'sRGB' 41 1
29-Oct-20 15:53:41:DEBUG:STREAM b'gAMA' 54 4
29-Oct-20 15:53:41:DEBUG:STREAM b'pHYs' 70 9
29-Oct-20 15:53:41:DEBUG:STREAM b'IDAT' 91 283
